For 1 paths:
   Best cost: 24631.028528000003
   6 ==> 8
   {[6, 19, 3, 13, 11, 18, 4, 12, 0, 10, 16, 5, 15, 1, 2, 9, 7, 14, 17, 8] 24631.028528000003}
For 2 paths:
   Best cost: 30383.947554999995
   3 ==> 5
   {[3, 16, 10, 0, 12, 4, 18, 11, 13, 6, 19, 8, 17, 14, 7, 9, 2, 1, 15, 5] 28799.398732999995}
   {[3, 5] 1584.548822}
For 3 paths:
   Best cost: 30963.405534
   10 ==> 16
   {[10, 16] 579.457979}
   {[10, 16] 579.457979}
   {[10, 0, 12, 4, 18, 11, 13, 6, 19, 8, 17, 14, 7, 9, 2, 1, 15, 5, 3, 16] 29804.489576}
For 4 paths:
   Best cost: 31542.863512999997
   10 ==> 16
   {[10, 16] 579.457979}
   {[10, 0, 12, 4, 18, 11, 13, 6, 19, 8, 17, 14, 7, 9, 2, 1, 15, 5, 3, 16] 29804.489576}
   {[10, 16] 579.457979}
   {[10, 16] 579.457979}
